<testsuite name="dummy_fail.Dummy failure" tests="1" errors="1" failures="0" skipped="0" time="0.000875" timestamp="2026-03-03T05:36:00.312204" hostname="penguin"><testcase classname="dummy_fail.Dummy failure" name="Failing step" status="error" time="0.000875"><error type="ZeroDivisionError" message="division by zero">
<![CDATA[
Failing step: Given a step that fails ... error in 0.001s
Location: specification/features/dummy_fail.feature:3
Traceback (most recent call last):
  File "/home/adelie/projects/spec-weaver/.venv/lib/python3.14/site-packages/behave/model.py", line 1991, in run
    match.run(runner.context)
    ~~~~~~~~~^^^^^^^^^^^^^^^^
  File "/home/adelie/projects/spec-weaver/.venv/lib/python3.14/site-packages/behave/matchers.py", line 105, in run
    self.func(context, *args, **kwargs)
    ~~~~~~~~~^^^^^^^^^^^^^^^^^^^^^^^^^^
  File "specification/features/steps/step_dummy_fail.py", line 5, in step_impl
    1 / 0
    ~~^~~
ZeroDivisionError: division by zero
]]>
</error><system-out>
<![CDATA[
@scenario.begin
  Scenario: Failing step
    Given a step that fails ... error in 0.001s

@scenario.end
--------------------------------------------------------------------------------
]]>
</system-out></testcase></testsuite>